<?xml version="1.0" encoding="UTF-8"?>
<!-- Generated by org.testng.reporters.JUnitReportReporter -->
<testsuite skipped="0" hostname="C100-17" name="com.practice.selenium.Synchronization" tests="1" failures="0" timestamp="05 Dec 2018 05:55:35 GMT" time="11.517" errors="0">
  <testcase name="synTest" time="11.517" classname="com.practice.selenium.Synchronization"/>
</testsuite> <!-- com.practice.selenium.Synchronization -->
