<?xml version="1.0" encoding="UTF-8"?>
<!-- Generated by org.testng.reporters.JUnitReportReporter -->
<testsuite skipped="0" hostname="C100-17" name="autoit.AutoIt" tests="1" failures="0" timestamp="10 Aug 2018 06:55:06 GMT" time="16.956" errors="0">
  <testcase name="runAutoItTest" time="16.956" classname="autoit.AutoIt"/>
</testsuite> <!-- autoit.AutoIt -->
