<?xml version="1.0" encoding="UTF-8"?>
<!-- Generated by org.testng.reporters.JUnitReportReporter -->
<testsuite skipped="0" hostname="C100-17" name="windowhandles.WindowHandle" tests="1" failures="0" timestamp="14 Aug 2018 05:02:25 GMT" time="13.220" errors="0">
  <testcase name="run" time="13.220" classname="windowhandles.WindowHandle"/>
</testsuite> <!-- windowhandles.WindowHandle -->
