<?xml version="1.0" encoding="UTF-8"?>
<!-- Generated by org.testng.reporters.JUnitReportReporter -->
<testsuite skipped="0" hostname="C100-17" name="javascriptexecutor.Js" tests="1" failures="0" timestamp="13 Aug 2018 05:50:35 GMT" time="9.679" errors="0">
  <testcase name="JavaScript" time="9.679" classname="javascriptexecutor.Js"/>
</testsuite> <!-- javascriptexecutor.Js -->
