<?xml version="1.0" encoding="UTF-8"?>
<!-- Generated by org.testng.reporters.JUnitReportReporter -->
<testsuite skipped="0" hostname="C100-17" name="configuration.TestUtility" tests="1" failures="0" timestamp="10 Aug 2018 05:18:25 GMT" time="21.903" errors="0">
  <testcase name="runUtility" time="21.903" classname="configuration.TestUtility"/>
</testsuite> <!-- configuration.TestUtility -->
