<?xml version="1.0" encoding="UTF-8"?>
<!-- Generated by org.testng.reporters.JUnitReportReporter -->
<testsuite skipped="0" hostname="C100-17" name="action.element.ActionandElement" tests="2" failures="0" timestamp="17 Aug 2018 09:48:42 GMT" time="32.267" errors="0">
  <testcase name="run" time="23.608" classname="action.element.ActionandElement"/>
  <testcase name="totalqa" time="8.659" classname="action.element.ActionandElement"/>
</testsuite> <!-- action.element.ActionandElement -->
