<?xml version="1.0" encoding="UTF-8"?>
<!-- Generated by org.testng.reporters.JUnitReportReporter -->
<testsuite skipped="0" hostname="C100-17" name="actionevent.MouseEvent" tests="1" failures="0" timestamp="13 Aug 2018 07:07:35 GMT" time="8.158" errors="0">
  <testcase name="eventMouse" time="8.158" classname="actionevent.MouseEvent"/>
</testsuite> <!-- actionevent.MouseEvent -->
