<?xml version="1.0" encoding="UTF-8"?>
<!-- Generated by org.testng.reporters.JUnitReportReporter -->
<testsuite skipped="0" hostname="C100-17" name="explicitwait.TestWait" tests="1" failures="0" timestamp="13 Aug 2018 05:03:24 GMT" time="14.091" errors="0">
  <testcase name="waitTest" time="14.091" classname="explicitwait.TestWait"/>
</testsuite> <!-- explicitwait.TestWait -->
